C51 COMPILER V9.60.0.0   MAIN                                                              10/03/2020 20:40:13 PAGE 1   


C51 COMPILER V9.60.0.0, COMPILATION OF MODULE MAIN
OBJECT MODULE PLACED IN .\Objects\main.obj
COMPILER INVOKED BY: B:\Keil_v5\C51\BIN\C51.EXE main.c OPTIMIZE(8,SPEED) BROWSE DEBUG OBJECTEXTEND PRINT(.\Listings\main
                    -.lst) TABS(2) OBJECT(.\Objects\main.obj)

line level    source

   1          #include "regx51.h"
   2          void delay(){
   3   1        TMOD = 0x02; // Timer0 che do 2
   4   1        TL0 = 0x38;
   5   1        TH0 = 0x38;
   6   1        TR0 = 1; // Khoi dong timer
   7   1        while(!TF0); // Kiem tra co tran
   8   1        TF0 = 0;
   9   1        TR0 = 0; // Dung timer
  10   1      }
  11          void main(){
  12   1        while(1)
  13   1        {
  14   2          P2_0 = !P2_0;
  15   2          delay();
  16   2        }
  17   1      }


MODULE INFORMATION:   STATIC OVERLAYABLE
   CODE SIZE        =     26    ----
   CONSTANT SIZE    =   ----    ----
   XDATA SIZE       =   ----    ----
   PDATA SIZE       =   ----    ----
   DATA SIZE        =   ----    ----
   IDATA SIZE       =   ----    ----
   BIT SIZE         =   ----    ----
END OF MODULE INFORMATION.


C51 COMPILATION COMPLETE.  0 WARNING(S),  0 ERROR(S)
