C51 COMPILER V9.60.0.0   MAIN                                                              10/05/2020 22:51:57 PAGE 1   


C51 COMPILER V9.60.0.0, COMPILATION OF MODULE MAIN
OBJECT MODULE PLACED IN .\Objects\main.obj
COMPILER INVOKED BY: B:\Keil_v5\C51\BIN\C51.EXE main.c OPTIMIZE(8,SPEED) BROWSE DEBUG OBJECTEXTEND PRINT(.\Listings\main
                    -.lst) TABS(2) OBJECT(.\Objects\main.obj)

line level    source

   1          #include "regx51.h"
   2          void delay(unsigned int t)
   3          {while(t--){
   4   2        TMOD = 0x01; // Timer0, mode 1
   5   2        TH0 = 0xFC;
   6   2        TL0 = 0x18;
   7   2        TR0 = 1;
   8   2        while(!TF0);
   9   2        TF0 = 0;
  10   2        TR0 = 0;
  11   2      }
  12   1      }
  13          void main()
  14          {
  15   1        EX0 = 1; // Cho phep ngat ngoai 0
  16   1        EA = 1; //Cho phep ngat toan cuc
  17   1        IT0 = 1; // Chuyển sang ngắt theo sườn
  18   1        while(1)
  19   1        {
  20   2        P2 = 0x00;
  21   2        delay(500);
  22   2        P2 = 0xFF;
  23   2        delay(500);
  24   2        }
  25   1      }
  26          void ngat() interrupt 0{
  27   1        int a = 10000;
  28   1        unsigned int i;
  29   1        for( i = 0;i<5; i++)
  30   1        {
  31   2        P1_0 = 0;
  32   2        while(a--);
  33   2        P1_0 = 1;
  34   2        }
  35   1        
  36   1      }


MODULE INFORMATION:   STATIC OVERLAYABLE
   CODE SIZE        =    123    ----
   CONSTANT SIZE    =   ----    ----
   XDATA SIZE       =   ----    ----
   PDATA SIZE       =   ----    ----
   DATA SIZE        =   ----    ----
   IDATA SIZE       =   ----    ----
   BIT SIZE         =   ----    ----
END OF MODULE INFORMATION.


C51 COMPILATION COMPLETE.  0 WARNING(S),  0 ERROR(S)
