C51 COMPILER V9.60.0.0   MAIN                                                              10/06/2020 18:05:16 PAGE 1   


C51 COMPILER V9.60.0.0, COMPILATION OF MODULE MAIN
OBJECT MODULE PLACED IN .\Objects\main.obj
COMPILER INVOKED BY: B:\Keil_v5\C51\BIN\C51.EXE main.c OPTIMIZE(8,SPEED) BROWSE DEBUG OBJECTEXTEND PRINT(.\Listings\main
                    -.lst) TABS(2) OBJECT(.\Objects\main.obj)

line level    source

   1          #include "regx51.h"
   2          #include "..\Lib\Delay.h"
*** WARNING C280 IN LINE 5 OF \Users\ducda\Documents\uVision\8051\Lib\Delay.c: 'i': unreferenced local variable
   3          
   4          void Send_Text(char c)
   5          {
   6   1        SBUF = c;
   7   1        while(!TI);
   8   1        TI = 0;
   9   1      
  10   1      }
  11          void main()
  12          {
  13   1        TMOD = 0x20; //Timer1,mode 2 autoreload
  14   1        TH1 = TL1 = 0xE6; //Timer1, baudrate 1200
  15   1        SCON = 0x60; // 8bit - timer1, SM2 = 1
  16   1        TR1 = 1; // Khoi dong timer1
  17   1        IE = 0x90;  //  EA = 1, ES = 1
  18   1        
  19   1        while(1)
  20   1        {
  21   2          Send_Text("i");
*** WARNING C214 IN LINE 21 OF main.c: 'Argument': conversion: pointer to non-pointer
  22   2        }
  23   1      }


MODULE INFORMATION:   STATIC OVERLAYABLE
   CODE SIZE        =     93    ----
   CONSTANT SIZE    =      2    ----
   XDATA SIZE       =   ----    ----
   PDATA SIZE       =   ----    ----
   DATA SIZE        =   ----       2
   IDATA SIZE       =   ----    ----
   BIT SIZE         =   ----    ----
END OF MODULE INFORMATION.


C51 COMPILATION COMPLETE.  2 WARNING(S),  0 ERROR(S)
