C51 COMPILER V9.60.0.0   MAIN                                                              10/06/2020 11:30:56 PAGE 1   


C51 COMPILER V9.60.0.0, COMPILATION OF MODULE MAIN
OBJECT MODULE PLACED IN .\Objects\main.obj
COMPILER INVOKED BY: B:\Keil_v5\C51\BIN\C51.EXE main.c OPTIMIZE(8,SPEED) BROWSE DEBUG OBJECTEXTEND PRINT(.\Listings\main
                    -.lst) TABS(2) OBJECT(.\Objects\main.obj)

line level    source

   1          #include "regx51.h"
   2          #include "..\Lib\Delay.h"
*** WARNING C280 IN LINE 5 OF \Users\ducda\Documents\uVision\8051\Lib\Delay.c: 'i': unreferenced local variable
   3          sbit LED1 = P2^0;
   4          sbit LED2 = P2^1;
   5          sbit LED3 = P2^2;
   6          sbit LED4 = P2^3;
   7          unsigned int count = 0,t = 0,f,k,delay = 10;
   8          unsigned char LED7SEG[10] = {0xC0,0xF9,0xA4,0xB0,0x99,0x92,0x82,0xF8,0x80,0x90};
   9          
  10          void dem_xung() interrupt 0
  11          {
  12   1        count++;
  13   1      }
  14          void doc_xung() interrupt 3
  15          {
  16   1        t++;
  17   1        TH1 = 0xFC;
  18   1        TL1 = 0x18;
  19   1        TR1 = 1;
  20   1        if(t>=1000)
  21   1        {
  22   2          f = count;
  23   2          count = 0;
  24   2          t =0;
  25   2        }
  26   1      }
  27          void OSC_Out(unsigned int dem)
  28          {
  29   1        unsigned int i;
  30   1        unsigned char nghin,tram,chuc,dv;
  31   1        nghin = dem/1000;
  32   1        tram = (dem%1000)/100;
  33   1        chuc = (dem%100)/10;
  34   1        dv = dem%10;
  35   1        for(i = 0;i < 20;i++)
  36   1        {
  37   2        LED1 = 0;
  38   2        P0 = LED7SEG[nghin];
  39   2        delay2(10);
  40   2        LED1 = 1;
  41   2       
  42   2        LED2 = 0;
  43   2        P0 = LED7SEG[tram];
  44   2        delay2(10);
  45   2        LED2 = 1;
  46   2       
  47   2        LED3 = 0;
  48   2        P0 = LED7SEG[chuc];
  49   2        delay2(10); 
  50   2        LED3 = 1;
  51   2       
  52   2        LED4 = 0;
  53   2        P0 = LED7SEG[dv];
C51 COMPILER V9.60.0.0   MAIN                                                              10/06/2020 11:30:56 PAGE 2   

  54   2        delay2(10);
  55   2        LED4 = 1;
  56   2        }
  57   1      }
  58          void main (void)
  59          {
  60   1        TMOD = 0x10; //Timer1, mode 1
  61   1        P3_2 =1;
  62   1        EX0 = 1; // Khoi dong ngat ngoai 0
  63   1        ET1 = 1; // Bat ngat timer
  64   1        IT0 = 1; // Ngat theo suon am
  65   1        TR1= 1; //Bat timer 1
  66   1        EA = 1; // Bat ngat tong
  67   1        while(1)
  68   1        {
  69   2        OSC_Out(f);
  70   2        }
  71   1      } // Main


MODULE INFORMATION:   STATIC OVERLAYABLE
   CODE SIZE        =    294    ----
   CONSTANT SIZE    =   ----    ----
   XDATA SIZE       =   ----    ----
   PDATA SIZE       =   ----    ----
   DATA SIZE        =     20       5
   IDATA SIZE       =   ----    ----
   BIT SIZE         =   ----    ----
END OF MODULE INFORMATION.


C51 COMPILATION COMPLETE.  1 WARNING(S),  0 ERROR(S)
