C51 COMPILER V9.60.0.0   MAIN                                                              10/03/2020 18:40:27 PAGE 1   


C51 COMPILER V9.60.0.0, COMPILATION OF MODULE MAIN
OBJECT MODULE PLACED IN .\Objects\main.obj
COMPILER INVOKED BY: B:\Keil_v5\C51\BIN\C51.EXE main.c OPTIMIZE(8,SPEED) BROWSE DEBUG OBJECTEXTEND PRINT(.\Listings\main
                    -.lst) TABS(2) OBJECT(.\Objects\main.obj)

line level    source

   1          #include "regx51.h"
   2          void delayh(){
   3   1        TMOD = 0x01; // Timer0 che do 1
   4   1        TH0 = 0xFC;
   5   1        TL0 = 0xE0;
   6   1        TR0 = 1; // Khoi dong timer
   7   1        while(!TF0); // Kiem tra co tran
   8   1        TF0 = 0;
   9   1        TR0 = 0; // Dung timer
  10   1      }
  11          void delayl(){
  12   1        TMOD = 0x01; // Timer0 che do 1
  13   1        TH0 = 0xFF;
  14   1        TL0 = 0x38;
  15   1        TR0 = 1; // Khoi dong timer
  16   1        while(!TF0); // Kiem tra co tran
  17   1        TF0 = 0;
  18   1        TR0 = 0; // Dung timer
  19   1      }
  20          void main(){
  21   1        while(1)
  22   1        {
  23   2          P2_0 = 1;
  24   2          delayh();
  25   2          P2_0 = 0;
  26   2          delayl();
  27   2        }
  28   1      }


MODULE INFORMATION:   STATIC OVERLAYABLE
   CODE SIZE        =     50    ----
   CONSTANT SIZE    =   ----    ----
   XDATA SIZE       =   ----    ----
   PDATA SIZE       =   ----    ----
   DATA SIZE        =   ----    ----
   IDATA SIZE       =   ----    ----
   BIT SIZE         =   ----    ----
END OF MODULE INFORMATION.


C51 COMPILATION COMPLETE.  0 WARNING(S),  0 ERROR(S)
